···· TSTyche 6.2.0 at /home/elpresidank/YeeBois/projects/beep-effect

uses TypeScript 5.9.3

fail ./outputs/p7-verification/tmp/type-runtime-alias-matrix.tst.ts

Error: Type 'unknown' is not the same as type 'number'.

  152 |     type EmployeeInstance = Osdk.Instance<EmployeeDefinition, "$rid", "id" | "name">;
  153 | 
  154 |     expect<EmployeeInstance["id"]>().type.toBe<number>();
      |                                                ~~~~~~
  155 |     expect<EmployeeInstance["name"]>().type.toBe<string>();
  156 |     expect<EmployeeInstance["$rid"]>().type.toBe<string>();
  157 |   });

        at ./outputs/p7-verification/tmp/type-runtime-alias-matrix.tst.ts:154:48 ❭ Type parity suites ❭ OsdkObjectFrom

Error: Type 'unknown' is not the same as type 'string'.

  153 | 
  154 |     expect<EmployeeInstance["id"]>().type.toBe<number>();
  155 |     expect<EmployeeInstance["name"]>().type.toBe<string>();
      |                                                  ~~~~~~
  156 |     expect<EmployeeInstance["$rid"]>().type.toBe<string>();
  157 |   });
  158 | });

        at ./outputs/p7-verification/tmp/type-runtime-alias-matrix.tst.ts:155:50 ❭ Type parity suites ❭ OsdkObjectFrom

Error: Type 'StructQueryDataType' is not the same as type 'QueryDataTypeDefinition'.

  181 |     };
  182 | 
  183 |     expect<typeof recursiveShape>().type.toBe<QueryDataTypeDefinition>();
      |                                               ~~~~~~~~~~~~~~~~~~~~~~~
  184 |   });
  185 | 
  186 |   it("ActionMetadata.Parameter unions", () => {

        at ./outputs/p7-verification/tmp/type-runtime-alias-matrix.tst.ts:183:47 ❭ Runtime schema suites (type-level surfaces) ❭ QueryDataTypeDefinition recursion

Error: Type 'AndWhereClause<EmployeeDefinition, {}>' is not the same as type 'WhereClause<EmployeeDefinition>'.

  223 |     };
  224 | 
  225 |     expect(clauseA).type.toBe<WhereClause<EmployeeDefinition>>();
      |                               ~~~~~~~~~~~~~~~~~~~~~~~~~~~~~~~
  226 |     expect(clauseB).type.toBe<WhereClause<EmployeeDefinition>>();
  227 |     expect(clauseC).type.toBe<WhereClause<EmployeeDefinition>>();
  228 |   });

        at ./outputs/p7-verification/tmp/type-runtime-alias-matrix.tst.ts:225:31 ❭ Runtime schema suites (type-level surfaces) ❭ WhereClause unions

Error: Type 'OrWhereClause<EmployeeDefinition, {}>' is not the same as type 'WhereClause<EmployeeDefinition>'.

  224 | 
  225 |     expect(clauseA).type.toBe<WhereClause<EmployeeDefinition>>();
  226 |     expect(clauseB).type.toBe<WhereClause<EmployeeDefinition>>();
      |                               ~~~~~~~~~~~~~~~~~~~~~~~~~~~~~~~
  227 |     expect(clauseC).type.toBe<WhereClause<EmployeeDefinition>>();
  228 |   });
  229 | });

        at ./outputs/p7-verification/tmp/type-runtime-alias-matrix.tst.ts:226:31 ❭ Runtime schema suites (type-level surfaces) ❭ WhereClause unions

Error: Type 'NotWhereClause<EmployeeDefinition, {}>' is not the same as type 'WhereClause<EmployeeDefinition>'.

  225 |     expect(clauseA).type.toBe<WhereClause<EmployeeDefinition>>();
  226 |     expect(clauseB).type.toBe<WhereClause<EmployeeDefinition>>();
  227 |     expect(clauseC).type.toBe<WhereClause<EmployeeDefinition>>();
      |                               ~~~~~~~~~~~~~~~~~~~~~~~~~~~~~~~
  228 |   });
  229 | });
  230 | 

        at ./outputs/p7-verification/tmp/type-runtime-alias-matrix.tst.ts:227:31 ❭ Runtime schema suites (type-level surfaces) ❭ WhereClause unions

pass ./packages/common/ontology/test/types/aggregate-query-primitives.tst.ts
pass ./packages/common/ontology/test/types/object-specifier.tst.ts
pass ./packages/common/ontology/test/types/p5-objectset-osdk-heavy.tst.ts
pass ./packages/common/ontology/test/types/simple-property-def.tst.ts

Targets:    1 failed, 1 total
Test files: 1 failed, 4 passed, 5 total
Tests:      3 failed, 28 passed, 31 total
Assertions: 6 failed, 68 passed, 74 total
Duration:   2.5s
