[     477ms] [LOG] A-Frame Version: 1.7.0 (Date 2025-03-12, Commit #1b9650f1) @ https://unpkg.com/aframe@1.7.1:42935
[     477ms] [LOG] THREE Version (https://github.com/supermedium/three.js): 173 @ https://unpkg.com/aframe@1.7.1:42936
[     640ms] [LOG] SocketProvider: Creating socket with auth: disabled user: trustgraph @ https://dankserver.tailc7c348.ts.net:8444/assets/index-BYlcJZvU.js:66
[     640ms] [LOG] SOCKET: opening socket... without auth user: trustgraph @ https://dankserver.tailc7c348.ts.net:8444/assets/index-BYlcJZvU.js:66
[     640ms] [LOG] SOCKET: connecting to /api/socket @ https://dankserver.tailc7c348.ts.net:8444/assets/index-BYlcJZvU.js:66
[     640ms] [LOG] SOCKET: socket opened @ https://dankserver.tailc7c348.ts.net:8444/assets/index-BYlcJZvU.js:66
[     708ms] [LOG] App: Waiting for socket connection... connecting @ https://dankserver.tailc7c348.ts.net:8444/assets/index-BYlcJZvU.js:354
[     773ms] [LOG] [socket open] @ https://dankserver.tailc7c348.ts.net:8444/assets/index-BYlcJZvU.js:66
[     795ms] [LOG] App: Socket connected, loading flows... @ https://dankserver.tailc7c348.ts.net:8444/assets/index-BYlcJZvU.js:354
[   60798ms] [LOG] Request 1znpdskh6l5uagcv-2 timed out @ https://dankserver.tailc7c348.ts.net:8444/assets/index-BYlcJZvU.js:66
[   60836ms] [LOG] Request 1znpdskh6l5uagcv-5 timed out @ https://dankserver.tailc7c348.ts.net:8444/assets/index-BYlcJZvU.js:66
[  120798ms] [LOG] Request 1znpdskh6l5uagcv-2 timed out @ https://dankserver.tailc7c348.ts.net:8444/assets/index-BYlcJZvU.js:66
[  120817ms] [LOG] ServiceCall: API error detected in response: Timeout Full error: {type: gateway-error, message: Timeout} @ https://dankserver.tailc7c348.ts.net:8444/assets/index-BYlcJZvU.js:66
[  120866ms] [LOG] Request 1znpdskh6l5uagcv-7 timed out @ https://dankserver.tailc7c348.ts.net:8444/assets/index-BYlcJZvU.js:66
[  180872ms] [LOG] Request 1znpdskh6l5uagcv-10 timed out @ https://dankserver.tailc7c348.ts.net:8444/assets/index-BYlcJZvU.js:66
[  181824ms] [LOG] Request 1znpdskh6l5uagcv-12 timed out @ https://dankserver.tailc7c348.ts.net:8444/assets/index-BYlcJZvU.js:66
[  181824ms] [LOG] Request 1znpdskh6l5uagcv-14 timed out @ https://dankserver.tailc7c348.ts.net:8444/assets/index-BYlcJZvU.js:66
[  241824ms] [LOG] Request 1znpdskh6l5uagcv-12 timed out @ https://dankserver.tailc7c348.ts.net:8444/assets/index-BYlcJZvU.js:66
[  241832ms] [LOG] ServiceCall: API error detected in response: Timeout Full error: {type: gateway-error, message: Timeout} @ https://dankserver.tailc7c348.ts.net:8444/assets/index-BYlcJZvU.js:66
[  303837ms] [LOG] Request 1znpdskh6l5uagcv-16 timed out @ https://dankserver.tailc7c348.ts.net:8444/assets/index-BYlcJZvU.js:66
[  303838ms] [LOG] Request 1znpdskh6l5uagcv-18 timed out @ https://dankserver.tailc7c348.ts.net:8444/assets/index-BYlcJZvU.js:66
[  363838ms] [LOG] Request 1znpdskh6l5uagcv-18 timed out @ https://dankserver.tailc7c348.ts.net:8444/assets/index-BYlcJZvU.js:66
